2022-06-08 08:54:50,257 INFO PERFORMANCE:|4|3|2|2

2022-06-08 08:59:50,262 INFO PERFORMANCE:|4|4|-1|-1

2022-06-08 09:04:50,262 INFO PERFORMANCE:|4|4|-1|-1

2022-06-08 09:09:50,272 INFO PERFORMANCE:|4|4|-1|-1

2022-06-08 09:14:50,282 INFO PERFORMANCE:|4|4|-1|-1

2022-06-08 09:19:50,285 INFO PERFORMANCE:|4|4|-1|-1

2022-06-08 09:24:50,298 INFO PERFORMANCE:|4|4|-1|-1

2022-06-08 09:29:50,301 INFO PERFORMANCE:|4|4|-1|-1

2022-06-08 09:34:50,301 INFO PERFORMANCE:|4|4|-1|-1

2022-06-08 09:39:50,312 INFO PERFORMANCE:|4|4|-1|-1

2022-06-08 09:44:50,326 INFO PERFORMANCE:|4|4|-1|-1

2022-06-08 09:49:50,335 INFO PERFORMANCE:|4|4|-1|-1

2022-06-08 09:54:50,348 INFO PERFORMANCE:|4|4|-1|-1

2022-06-08 09:59:50,370 INFO PERFORMANCE:|4|4|-1|-1

2022-06-08 10:04:50,384 INFO PERFORMANCE:|4|4|-1|-1

2022-06-08 10:09:50,391 INFO PERFORMANCE:|4|4|-1|-1

2022-06-08 10:14:50,404 INFO PERFORMANCE:|4|4|-1|-1

2022-06-08 10:19:50,408 INFO PERFORMANCE:|4|4|-1|-1

2022-06-08 10:24:50,414 INFO PERFORMANCE:|4|4|-1|-1

2022-06-08 10:29:50,424 INFO PERFORMANCE:|4|4|-1|-1

2022-06-08 10:34:50,429 INFO PERFORMANCE:|4|4|-1|-1

2022-06-08 10:39:50,435 INFO PERFORMANCE:|4|4|-1|-1

2022-06-08 10:44:50,446 INFO PERFORMANCE:|4|4|-1|-1

2022-06-08 10:49:50,457 INFO PERFORMANCE:|4|4|-1|-1

2022-06-08 10:54:50,459 INFO PERFORMANCE:|4|4|-1|-1

2022-06-08 10:59:50,462 INFO PERFORMANCE:|4|4|-1|-1

2022-06-08 11:04:50,474 INFO PERFORMANCE:|4|4|-1|-1

2022-06-08 11:09:50,482 INFO PERFORMANCE:|4|4|-1|-1

2022-06-08 11:14:50,493 INFO PERFORMANCE:|4|4|-1|-1

2022-06-08 11:19:50,498 INFO PERFORMANCE:|4|4|-1|-1

2022-06-08 11:24:50,509 INFO PERFORMANCE:|4|4|-1|-1

2022-06-08 11:29:50,519 INFO PERFORMANCE:|4|4|-1|-1

2022-06-08 11:34:50,522 INFO PERFORMANCE:|4|4|-1|-1

2022-06-08 11:39:50,522 INFO PERFORMANCE:|4|4|-1|-1

2022-06-08 11:44:50,530 INFO PERFORMANCE:|4|4|-1|-1

2022-06-08 11:49:50,539 INFO PERFORMANCE:|4|4|-1|-1

2022-06-08 11:54:50,554 INFO PERFORMANCE:|4|4|-1|-1

2022-06-08 11:59:50,569 INFO PERFORMANCE:|4|4|-1|-1

2022-06-08 12:04:50,581 INFO PERFORMANCE:|4|4|-1|-1

2022-06-08 12:09:50,593 INFO PERFORMANCE:|4|4|-1|-1

2022-06-08 12:14:50,597 INFO PERFORMANCE:|4|4|-1|-1

2022-06-08 12:19:50,599 INFO PERFORMANCE:|4|4|-1|-1

2022-06-08 12:24:50,601 INFO PERFORMANCE:|4|4|-1|-1

2022-06-08 12:29:50,602 INFO PERFORMANCE:|4|4|-1|-1

2022-06-08 12:34:50,604 INFO PERFORMANCE:|4|4|-1|-1

2022-06-08 12:39:50,606 INFO PERFORMANCE:|4|4|-1|-1

2022-06-08 12:44:50,614 INFO PERFORMANCE:|4|4|-1|-1

2022-06-08 12:49:50,615 INFO PERFORMANCE:|4|4|-1|-1

2022-06-08 12:54:50,616 INFO PERFORMANCE:|4|4|-1|-1

2022-06-08 12:59:50,625 INFO PERFORMANCE:|4|4|-1|-1

2022-06-08 13:04:50,629 INFO PERFORMANCE:|4|4|-1|-1

2022-06-08 13:09:50,636 INFO PERFORMANCE:|4|4|-1|-1

2022-06-08 13:14:50,647 INFO PERFORMANCE:|4|4|-1|-1

2022-06-08 13:19:50,651 INFO PERFORMANCE:|4|4|-1|-1

2022-06-08 13:24:50,654 INFO PERFORMANCE:|4|4|-1|-1

2022-06-08 13:29:50,655 INFO PERFORMANCE:|4|4|-1|-1

2022-06-08 13:34:50,660 INFO PERFORMANCE:|4|4|-1|-1

2022-06-08 13:39:50,662 INFO PERFORMANCE:|4|4|-1|-1

2022-06-08 13:44:50,668 INFO PERFORMANCE:|4|4|-1|-1

2022-06-08 13:49:50,670 INFO PERFORMANCE:|4|4|-1|-1

2022-06-08 13:54:50,682 INFO PERFORMANCE:|4|4|-1|-1

2022-06-08 13:59:50,685 INFO PERFORMANCE:|4|4|-1|-1

2022-06-08 14:04:50,686 INFO PERFORMANCE:|4|4|-1|-1

2022-06-08 14:09:50,687 INFO PERFORMANCE:|4|4|-1|-1

2022-06-08 14:14:50,694 INFO PERFORMANCE:|4|4|-1|-1

2022-06-08 14:19:50,696 INFO PERFORMANCE:|4|4|-1|-1

